
  .   ____          _            __ _ _
 /\\ / ___'_ __ _ _(_)_ __  __ _ \ \ \ \
( ( )\___ | '_ | '_| | '_ \/ _` | \ \ \ \
 \\/  ___)| |_)| | | | | || (_| |  ) ) ) )
  '  |____| .__|_| |_|_| |_\__, | / / / /
 =========|_|==============|___/=/_/_/_/
 :: Spring Boot ::        (v2.1.3.RELEASE)

2019-03-18 12:31:42.777  INFO 12351 --- [           main] c.r.m.p.r.RememberpasswordsApplication   : Starting RememberpasswordsApplication v0.0.1-SNAPSHOT on ip-172-31-32-120 with PID 12351 (/home/ubuntu/rememberpasswords-0.0.1-SNAPSHOT.jar started by ubuntu in /home/ubuntu)
2019-03-18 12:31:42.781  INFO 12351 --- [           main] c.r.m.p.r.RememberpasswordsApplication   : No active profile set, falling back to default profiles: default
2019-03-18 12:31:45.782  INFO 12351 --- [           main] .s.d.r.c.RepositoryConfigurationDelegate : Bootstrapping Spring Data repositories in DEFAULT mode.
2019-03-18 12:31:46.064  INFO 12351 --- [           main] .s.d.r.c.RepositoryConfigurationDelegate : Finished Spring Data repository scanning in 256ms. Found 4 repository interfaces.
2019-03-18 12:31:47.364  INFO 12351 --- [           main] trationDelegate$BeanPostProcessorChecker : Bean 'org.springframework.transaction.annotation.ProxyTransactionManagementConfiguration' of type [org.springframework.transaction.annotation.ProxyTransactionManagementConfiguration$$EnhancerBySpringCGLIB$$176a8d47] is not eligible for getting processed by all BeanPostProcessors (for example: not eligible for auto-proxying)
2019-03-18 12:31:47.425  INFO 12351 --- [           main] trationDelegate$BeanPostProcessorChecker : Bean 'org.springframework.hateoas.config.HateoasConfiguration' of type [org.springframework.hateoas.config.HateoasConfiguration$$EnhancerBySpringCGLIB$$96eada79] is not eligible for getting processed by all BeanPostProcessors (for example: not eligible for auto-proxying)
2019-03-18 12:31:48.743  INFO 12351 --- [           main] o.s.b.w.embedded.tomcat.TomcatWebServer  : Tomcat initialized with port(s): 8080 (http)
2019-03-18 12:31:48.870  INFO 12351 --- [           main] o.apache.catalina.core.StandardService   : Starting service [Tomcat]
2019-03-18 12:31:48.871  INFO 12351 --- [           main] org.apache.catalina.core.StandardEngine  : Starting Servlet engine: [Apache Tomcat/9.0.16]
2019-03-18 12:31:48.896  INFO 12351 --- [           main] o.a.catalina.core.AprLifecycleListener   : The APR based Apache Tomcat Native library which allows optimal performance in production environments was not found on the java.library.path: [/usr/java/packages/lib/amd64:/usr/lib64:/lib64:/lib:/usr/lib]
2019-03-18 12:31:49.086  INFO 12351 --- [           main] o.a.c.c.C.[Tomcat].[localhost].[/]       : Initializing Spring embedded WebApplicationContext
2019-03-18 12:31:49.090  INFO 12351 --- [           main] o.s.web.context.ContextLoader            : Root WebApplicationContext: initialization completed in 6106 ms
2019-03-18 12:31:49.764  INFO 12351 --- [           main] com.zaxxer.hikari.HikariDataSource       : HikariPool-1 - Starting...
2019-03-18 12:31:50.173  INFO 12351 --- [           main] com.zaxxer.hikari.HikariDataSource       : HikariPool-1 - Start completed.
2019-03-18 12:31:50.409  INFO 12351 --- [           main] o.hibernate.jpa.internal.util.LogHelper  : HHH000204: Processing PersistenceUnitInfo [
	name: default
	...]
2019-03-18 12:31:50.522  INFO 12351 --- [           main] org.hibernate.Version                    : HHH000412: Hibernate Core {5.3.7.Final}
2019-03-18 12:31:50.523  INFO 12351 --- [           main] org.hibernate.cfg.Environment            : HHH000206: hibernate.properties not found
2019-03-18 12:31:50.733  INFO 12351 --- [           main] o.hibernate.annotations.common.Version   : HCANN000001: Hibernate Commons Annotations {5.0.4.Final}
2019-03-18 12:31:51.438  INFO 12351 --- [           main] org.hibernate.dialect.Dialect            : HHH000400: Using dialect: org.hibernate.dialect.MySQL5Dialect
2019-03-18 12:31:52.861  INFO 12351 --- [           main] j.LocalContainerEntityManagerFactoryBean : Initialized JPA EntityManagerFactory for persistence unit 'default'
2019-03-18 12:31:55.298  INFO 12351 --- [           main] org.quartz.impl.StdSchedulerFactory      : Using default implementation for ThreadExecutor
2019-03-18 12:31:55.402  INFO 12351 --- [           main] org.quartz.core.SchedulerSignalerImpl    : Initialized Scheduler Signaller of type: class org.quartz.core.SchedulerSignalerImpl
2019-03-18 12:31:55.405  INFO 12351 --- [           main] org.quartz.core.QuartzScheduler          : Quartz Scheduler v.2.2.1 created.
2019-03-18 12:31:55.408  INFO 12351 --- [           main] o.s.s.quartz.LocalDataSourceJobStore     : Using db table-based data access locking (synchronization).
2019-03-18 12:31:55.415  INFO 12351 --- [           main] o.s.s.quartz.LocalDataSourceJobStore     : JobStoreCMT initialized.
2019-03-18 12:31:55.415  INFO 12351 --- [           main] org.quartz.core.QuartzScheduler          : Scheduler meta-data: Quartz Scheduler (v2.2.1) 'RememberMyPasswords-quartz' with instanceId 'NON_CLUSTERED'
  Scheduler class: 'org.quartz.core.QuartzScheduler' - running locally.
  NOT STARTED.
  Currently in standby mode.
  Number of jobs executed: 0
  Using thread pool 'org.quartz.simpl.SimpleThreadPool' - with 50 threads.
  Using job-store 'org.springframework.scheduling.quartz.LocalDataSourceJobStore' - which supports persistence. and is not clustered.

2019-03-18 12:31:55.416  INFO 12351 --- [           main] org.quartz.impl.StdSchedulerFactory      : Quartz scheduler 'RememberMyPasswords-quartz' initialized from an externally provided properties instance.
2019-03-18 12:31:55.416  INFO 12351 --- [           main] org.quartz.impl.StdSchedulerFactory      : Quartz scheduler version: 2.2.1
2019-03-18 12:31:55.416  INFO 12351 --- [           main] org.quartz.core.QuartzScheduler          : JobFactory set to: com.remember.my.password.remember.quartz.AutowiringSpringBeanJobFactory@20b5f2ac
2019-03-18 12:31:56.284  INFO 12351 --- [           main] o.s.s.concurrent.ThreadPoolTaskExecutor  : Initializing ExecutorService 'applicationTaskExecutor'
2019-03-18 12:31:56.500  WARN 12351 --- [           main] aWebConfiguration$JpaWebMvcConfiguration : spring.jpa.open-in-view is enabled by default. Therefore, database queries may be performed during view rendering. Explicitly configure spring.jpa.open-in-view to disable this warning
2019-03-18 12:31:57.818  INFO 12351 --- [           main] o.s.s.quartz.SchedulerFactoryBean        : Starting Quartz Scheduler now
2019-03-18 12:31:57.828  INFO 12351 --- [           main] o.s.s.quartz.LocalDataSourceJobStore     : Freed 0 triggers from 'acquired' / 'blocked' state.
2019-03-18 12:31:57.831  INFO 12351 --- [           main] o.s.s.quartz.LocalDataSourceJobStore     : Recovering 0 jobs that were in-progress at the time of the last shut-down.
2019-03-18 12:31:57.831  INFO 12351 --- [           main] o.s.s.quartz.LocalDataSourceJobStore     : Recovery complete.
2019-03-18 12:31:57.832  INFO 12351 --- [           main] o.s.s.quartz.LocalDataSourceJobStore     : Removed 0 'complete' triggers.
2019-03-18 12:31:57.833  INFO 12351 --- [           main] o.s.s.quartz.LocalDataSourceJobStore     : Removed 1 stale fired job entries.
2019-03-18 12:31:57.845  INFO 12351 --- [           main] org.quartz.core.QuartzScheduler          : Scheduler RememberMyPasswords-quartz_$_NON_CLUSTERED started.
2019-03-18 12:31:57.979  INFO 12351 --- [           main] o.s.b.w.embedded.tomcat.TomcatWebServer  : Tomcat started on port(s): 8080 (http) with context path ''
2019-03-18 12:31:57.995  INFO 12351 --- [           main] c.r.m.p.r.RememberpasswordsApplication   : Started RememberpasswordsApplication in 16.844 seconds (JVM running for 17.947)
2019-03-18 12:31:58.052  INFO 12351 --- [quartz_Worker-1] o.h.h.i.QueryTranslatorFactoryInitiator  : HHH000397: Using ASTQueryTranslatorFactory
2019-03-18 12:32:10.811  INFO 12351 --- [nio-8080-exec-4] o.a.c.c.C.[Tomcat].[localhost].[/]       : Initializing Spring DispatcherServlet 'dispatcherServlet'
2019-03-18 12:32:10.818  INFO 12351 --- [nio-8080-exec-4] o.s.web.servlet.DispatcherServlet        : Initializing Servlet 'dispatcherServlet'
2019-03-18 12:32:10.876  INFO 12351 --- [nio-8080-exec-4] o.s.web.servlet.DispatcherServlet        : Completed initialization in 58 ms
AuthenticationTokenDto(id=113, userId=null, userDto=UserDto(id=1, username=inaam, email=shaikhinaam3@gmail.com, password=null), authToken=6f71ed7bb966629ed4e3ce93c978cff7, tokenStatus=active, tokenCreationTime=1552912356103, tokenExpiryTime=1552912656103)
[PlatformsDto(id=1, platformName=Facebook), PlatformsDto(id=2, platformName=Instagram), PlatformsDto(id=3, platformName=Whatsapp), PlatformsDto(id=4, platformName=Gmail), PlatformsDto(id=5, platformName=QQ), PlatformsDto(id=6, platformName=We Chat), PlatformsDto(id=7, platformName=QZone), PlatformsDto(id=8, platformName=Tumbler), PlatformsDto(id=9, platformName=Instagram), PlatformsDto(id=10, platformName=Twitter), PlatformsDto(id=11, platformName=Google+), PlatformsDto(id=12, platformName=Skype), PlatformsDto(id=13, platformName=Viber), PlatformsDto(id=14, platformName=Line), PlatformsDto(id=15, platformName=Snapchat), PlatformsDto(id=16, platformName=Pinterest), PlatformsDto(id=17, platformName=LinkedIn), PlatformsDto(id=18, platformName=Telegram), PlatformsDto(id=19, platformName=Reddit), PlatformsDto(id=20, platformName=Foursquare), PlatformsDto(id=21, platformName=Badoo), PlatformsDto(id=22, platformName=Myspace), PlatformsDto(id=23, platformName=kiwibox), PlatformsDto(id=24, platformName=Skyrock), PlatformsDto(id=25, platformName=Youtube), PlatformsDto(id=26, platformName=Vine), PlatformsDto(id=27, platformName=Classmates), PlatformsDto(id=28, platformName=Flickr), PlatformsDto(id=29, platformName=Quora)]
[PlatformsDataDto(id=68, userDto=null, platformsDto=PlatformsDto(id=1, platformName=Facebook), userId=null, platformId=null, platformUsername=u, platformPassword=p, platformEmail=r), PlatformsDataDto(id=74, userDto=null, platformsDto=PlatformsDto(id=1, platformName=Facebook), userId=null, platformId=null, platformUsername=hgcf, platformPassword=bgcy, platformEmail=vc), PlatformsDataDto(id=75, userDto=null, platformsDto=PlatformsDto(id=1, platformName=Facebook), userId=null, platformId=null, platformUsername=inam, platformPassword=inaam23, platformEmail=shaikhinaam@gmail.com), PlatformsDataDto(id=90, userDto=null, platformsDto=PlatformsDto(id=18, platformName=Telegram), userId=null, platformId=null, platformUsername=nmb, platformPassword=jh j, platformEmail= jhbjhb)]
[PlatformsDto(id=1, platformName=Facebook), PlatformsDto(id=2, platformName=Instagram), PlatformsDto(id=3, platformName=Whatsapp), PlatformsDto(id=4, platformName=Gmail), PlatformsDto(id=5, platformName=QQ), PlatformsDto(id=6, platformName=We Chat), PlatformsDto(id=7, platformName=QZone), PlatformsDto(id=8, platformName=Tumbler), PlatformsDto(id=9, platformName=Instagram), PlatformsDto(id=10, platformName=Twitter), PlatformsDto(id=11, platformName=Google+), PlatformsDto(id=12, platformName=Skype), PlatformsDto(id=13, platformName=Viber), PlatformsDto(id=14, platformName=Line), PlatformsDto(id=15, platformName=Snapchat), PlatformsDto(id=16, platformName=Pinterest), PlatformsDto(id=17, platformName=LinkedIn), PlatformsDto(id=18, platformName=Telegram), PlatformsDto(id=19, platformName=Reddit), PlatformsDto(id=20, platformName=Foursquare), PlatformsDto(id=21, platformName=Badoo), PlatformsDto(id=22, platformName=Myspace), PlatformsDto(id=23, platformName=kiwibox), PlatformsDto(id=24, platformName=Skyrock), PlatformsDto(id=25, platformName=Youtube), PlatformsDto(id=26, platformName=Vine), PlatformsDto(id=27, platformName=Classmates), PlatformsDto(id=28, platformName=Flickr), PlatformsDto(id=29, platformName=Quora)]
AuthenticationTokenDto(id=114, userId=null, userDto=UserDto(id=1, username=inaam, email=shaikhinaam3@gmail.com, password=null), authToken=b16af00a9fdb1e44c735b4b39c7c2a85, tokenStatus=active, tokenCreationTime=1552912390939, tokenExpiryTime=1552912690939)
[PlatformsDto(id=1, platformName=Facebook), PlatformsDto(id=2, platformName=Instagram), PlatformsDto(id=3, platformName=Whatsapp), PlatformsDto(id=4, platformName=Gmail), PlatformsDto(id=5, platformName=QQ), PlatformsDto(id=6, platformName=We Chat), PlatformsDto(id=7, platformName=QZone), PlatformsDto(id=8, platformName=Tumbler), PlatformsDto(id=9, platformName=Instagram), PlatformsDto(id=10, platformName=Twitter), PlatformsDto(id=11, platformName=Google+), PlatformsDto(id=12, platformName=Skype), PlatformsDto(id=13, platformName=Viber), PlatformsDto(id=14, platformName=Line), PlatformsDto(id=15, platformName=Snapchat), PlatformsDto(id=16, platformName=Pinterest), PlatformsDto(id=17, platformName=LinkedIn), PlatformsDto(id=18, platformName=Telegram), PlatformsDto(id=19, platformName=Reddit), PlatformsDto(id=20, platformName=Foursquare), PlatformsDto(id=21, platformName=Badoo), PlatformsDto(id=22, platformName=Myspace), PlatformsDto(id=23, platformName=kiwibox), PlatformsDto(id=24, platformName=Skyrock), PlatformsDto(id=25, platformName=Youtube), PlatformsDto(id=26, platformName=Vine), PlatformsDto(id=27, platformName=Classmates), PlatformsDto(id=28, platformName=Flickr), PlatformsDto(id=29, platformName=Quora)]
[PlatformsDataDto(id=68, userDto=null, platformsDto=PlatformsDto(id=1, platformName=Facebook), userId=null, platformId=null, platformUsername=u, platformPassword=p, platformEmail=r), PlatformsDataDto(id=74, userDto=null, platformsDto=PlatformsDto(id=1, platformName=Facebook), userId=null, platformId=null, platformUsername=hgcf, platformPassword=bgcy, platformEmail=vc), PlatformsDataDto(id=75, userDto=null, platformsDto=PlatformsDto(id=1, platformName=Facebook), userId=null, platformId=null, platformUsername=inam, platformPassword=inaam23, platformEmail=shaikhinaam@gmail.com), PlatformsDataDto(id=90, userDto=null, platformsDto=PlatformsDto(id=18, platformName=Telegram), userId=null, platformId=null, platformUsername=nmb, platformPassword=jh j, platformEmail= jhbjhb)]
AuthenticationTokenDto(id=116, userId=null, userDto=UserDto(id=115, username=, email=, password=null), authToken=c3832cac4c037dc720b54893c15aeb6b, tokenStatus=active, tokenCreationTime=1552917200692, tokenExpiryTime=1552917500692)
AuthenticationTokenDto(id=117, userId=null, userDto=UserDto(id=1, username=inaam, email=shaikhinaam3@gmail.com, password=null), authToken=23c154b8e49cb93b3b96fcc4b18a82d8, tokenStatus=active, tokenCreationTime=1552917227250, tokenExpiryTime=1552917527250)
[PlatformsDto(id=1, platformName=Facebook), PlatformsDto(id=2, platformName=Instagram), PlatformsDto(id=3, platformName=Whatsapp), PlatformsDto(id=4, platformName=Gmail), PlatformsDto(id=5, platformName=QQ), PlatformsDto(id=6, platformName=We Chat), PlatformsDto(id=7, platformName=QZone), PlatformsDto(id=8, platformName=Tumbler), PlatformsDto(id=9, platformName=Instagram), PlatformsDto(id=10, platformName=Twitter), PlatformsDto(id=11, platformName=Google+), PlatformsDto(id=12, platformName=Skype), PlatformsDto(id=13, platformName=Viber), PlatformsDto(id=14, platformName=Line), PlatformsDto(id=15, platformName=Snapchat), PlatformsDto(id=16, platformName=Pinterest), PlatformsDto(id=17, platformName=LinkedIn), PlatformsDto(id=18, platformName=Telegram), PlatformsDto(id=19, platformName=Reddit), PlatformsDto(id=20, platformName=Foursquare), PlatformsDto(id=21, platformName=Badoo), PlatformsDto(id=22, platformName=Myspace), PlatformsDto(id=23, platformName=kiwibox), PlatformsDto(id=24, platformName=Skyrock), PlatformsDto(id=25, platformName=Youtube), PlatformsDto(id=26, platformName=Vine), PlatformsDto(id=27, platformName=Classmates), PlatformsDto(id=28, platformName=Flickr), PlatformsDto(id=29, platformName=Quora)]
[PlatformsDataDto(id=68, userDto=null, platformsDto=PlatformsDto(id=1, platformName=Facebook), userId=null, platformId=null, platformUsername=u, platformPassword=p, platformEmail=r), PlatformsDataDto(id=74, userDto=null, platformsDto=PlatformsDto(id=1, platformName=Facebook), userId=null, platformId=null, platformUsername=hgcf, platformPassword=bgcy, platformEmail=vc), PlatformsDataDto(id=75, userDto=null, platformsDto=PlatformsDto(id=1, platformName=Facebook), userId=null, platformId=null, platformUsername=inam, platformPassword=inaam23, platformEmail=shaikhinaam@gmail.com), PlatformsDataDto(id=90, userDto=null, platformsDto=PlatformsDto(id=18, platformName=Telegram), userId=null, platformId=null, platformUsername=nmb, platformPassword=jh j, platformEmail= jhbjhb)]
[PlatformsDto(id=1, platformName=Facebook), PlatformsDto(id=2, platformName=Instagram), PlatformsDto(id=3, platformName=Whatsapp), PlatformsDto(id=4, platformName=Gmail), PlatformsDto(id=5, platformName=QQ), PlatformsDto(id=6, platformName=We Chat), PlatformsDto(id=7, platformName=QZone), PlatformsDto(id=8, platformName=Tumbler), PlatformsDto(id=9, platformName=Instagram), PlatformsDto(id=10, platformName=Twitter), PlatformsDto(id=11, platformName=Google+), PlatformsDto(id=12, platformName=Skype), PlatformsDto(id=13, platformName=Viber), PlatformsDto(id=14, platformName=Line), PlatformsDto(id=15, platformName=Snapchat), PlatformsDto(id=16, platformName=Pinterest), PlatformsDto(id=17, platformName=LinkedIn), PlatformsDto(id=18, platformName=Telegram), PlatformsDto(id=19, platformName=Reddit), PlatformsDto(id=20, platformName=Foursquare), PlatformsDto(id=21, platformName=Badoo), PlatformsDto(id=22, platformName=Myspace), PlatformsDto(id=23, platformName=kiwibox), PlatformsDto(id=24, platformName=Skyrock), PlatformsDto(id=25, platformName=Youtube), PlatformsDto(id=26, platformName=Vine), PlatformsDto(id=27, platformName=Classmates), PlatformsDto(id=28, platformName=Flickr), PlatformsDto(id=29, platformName=Quora)]
[PlatformsDataDto(id=68, userDto=null, platformsDto=PlatformsDto(id=1, platformName=Facebook), userId=null, platformId=null, platformUsername=u, platformPassword=p, platformEmail=r), PlatformsDataDto(id=74, userDto=null, platformsDto=PlatformsDto(id=1, platformName=Facebook), userId=null, platformId=null, platformUsername=hgcf, platformPassword=bgcy, platformEmail=vc), PlatformsDataDto(id=75, userDto=null, platformsDto=PlatformsDto(id=1, platformName=Facebook), userId=null, platformId=null, platformUsername=inam, platformPassword=inaam23, platformEmail=shaikhinaam@gmail.com)]
PlatformsDataDto(id=74, userDto=UserDto(id=1, username=inaam, email=shaikhinaam3@gmail.com, password=null), platformsDto=PlatformsDto(id=6, platformName=We Chat), userId=null, platformId=null, platformUsername=hgcf, platformPassword=bgcp, platformEmail=vc)
[PlatformsDto(id=1, platformName=Facebook), PlatformsDto(id=2, platformName=Instagram), PlatformsDto(id=3, platformName=Whatsapp), PlatformsDto(id=4, platformName=Gmail), PlatformsDto(id=5, platformName=QQ), PlatformsDto(id=6, platformName=We Chat), PlatformsDto(id=7, platformName=QZone), PlatformsDto(id=8, platformName=Tumbler), PlatformsDto(id=9, platformName=Instagram), PlatformsDto(id=10, platformName=Twitter), PlatformsDto(id=11, platformName=Google+), PlatformsDto(id=12, platformName=Skype), PlatformsDto(id=13, platformName=Viber), PlatformsDto(id=14, platformName=Line), PlatformsDto(id=15, platformName=Snapchat), PlatformsDto(id=16, platformName=Pinterest), PlatformsDto(id=17, platformName=LinkedIn), PlatformsDto(id=18, platformName=Telegram), PlatformsDto(id=19, platformName=Reddit), PlatformsDto(id=20, platformName=Foursquare), PlatformsDto(id=21, platformName=Badoo), PlatformsDto(id=22, platformName=Myspace), PlatformsDto(id=23, platformName=kiwibox), PlatformsDto(id=24, platformName=Skyrock), PlatformsDto(id=25, platformName=Youtube), PlatformsDto(id=26, platformName=Vine), PlatformsDto(id=27, platformName=Classmates), PlatformsDto(id=28, platformName=Flickr), PlatformsDto(id=29, platformName=Quora)]
[PlatformsDataDto(id=68, userDto=null, platformsDto=PlatformsDto(id=1, platformName=Facebook), userId=null, platformId=null, platformUsername=u, platformPassword=p, platformEmail=r), PlatformsDataDto(id=74, userDto=null, platformsDto=PlatformsDto(id=6, platformName=We Chat), userId=null, platformId=null, platformUsername=hgcf, platformPassword=bgcp, platformEmail=vc), PlatformsDataDto(id=75, userDto=null, platformsDto=PlatformsDto(id=1, platformName=Facebook), userId=null, platformId=null, platformUsername=inam, platformPassword=inaam23, platformEmail=shaikhinaam@gmail.com)]
2019-03-18 16:43:13.035  INFO 12351 --- [_MisfireHandler] o.s.s.quartz.LocalDataSourceJobStore     : Handling 1 trigger(s) that missed their scheduled fire-time.
2019-03-18 16:44:56.026  INFO 12351 --- [_MisfireHandler] o.s.s.quartz.LocalDataSourceJobStore     : Handling 1 trigger(s) that missed their scheduled fire-time.
2019-03-18 16:48:12.990  INFO 12351 --- [_MisfireHandler] o.s.s.quartz.LocalDataSourceJobStore     : Handling 1 trigger(s) that missed their scheduled fire-time.
2019-03-18 16:55:42.992  INFO 12351 --- [_MisfireHandler] o.s.s.quartz.LocalDataSourceJobStore     : Handling 1 trigger(s) that missed their scheduled fire-time.
